2020-06-11 17:02:48,685 DEBUG (SpringdemoApplication.java:13)- 我们是一个测试的
2020-06-11 17:02:48,691 INFO (SpringdemoApplication.java:14)- 测试测试9999999999999999999999
2020-06-11 17:02:49,841 INFO (StartupInfoLogger.java:55)- Starting SpringdemoApplication on AGOE2345-030708 with PID 17120 (E:\workspace\java\springboot\springdemo\target\classes started by Administrator in E:\workspace\java\springboot\springdemo)
2020-06-11 17:02:49,843 DEBUG (StartupInfoLogger.java:56)- Running with Spring Boot v2.3.0.RELEASE, Spring v5.2.6.RELEASE
2020-06-11 17:02:49,844 INFO (SpringApplication.java:655)- The following profiles are active: pro
2020-06-11 17:02:53,119 INFO (StartupInfoLogger.java:61)- Started SpringdemoApplication in 4.142 seconds (JVM running for 5.074)
2020-06-11 17:07:26,677 DEBUG (SpringdemoApplication.java:13)- 我们是一个测试的
2020-06-11 17:07:26,683 INFO (SpringdemoApplication.java:14)- 测试测试9999999999999999999999
2020-06-11 17:07:27,739 INFO (StartupInfoLogger.java:55)- Starting SpringdemoApplication on AGOE2345-030708 with PID 3772 (E:\workspace\java\springboot\springdemo\target\classes started by Administrator in E:\workspace\java\springboot\springdemo)
2020-06-11 17:07:27,740 DEBUG (StartupInfoLogger.java:56)- Running with Spring Boot v2.3.0.RELEASE, Spring v5.2.6.RELEASE
2020-06-11 17:07:27,740 INFO (SpringApplication.java:655)- The following profiles are active: pro
2020-06-11 17:07:31,121 INFO (StartupInfoLogger.java:61)- Started SpringdemoApplication in 4.144 seconds (JVM running for 5.1)
2020-06-11 17:07:47,501 DEBUG (HelloWorldContrller.java:20)- 我们是一个测试的
2020-06-11 17:07:47,502 INFO (HelloWorldContrller.java:21)- 测试测试9999999999999999999999
2020-06-11 17:07:49,618 DEBUG (HelloWorldContrller.java:20)- 我们是一个测试的
2020-06-11 17:07:49,619 INFO (HelloWorldContrller.java:21)- 测试测试9999999999999999999999
2020-06-11 17:08:41,633 DEBUG (SpringdemoApplication.java:13)- 我们
2020-06-11 17:08:41,638 INFO (SpringdemoApplication.java:14)- 测试测999999
2020-06-11 17:08:42,666 INFO (StartupInfoLogger.java:55)- Starting SpringdemoApplication on AGOE2345-030708 with PID 11476 (E:\workspace\java\springboot\springdemo\target\classes started by Administrator in E:\workspace\java\springboot\springdemo)
2020-06-11 17:08:42,667 DEBUG (StartupInfoLogger.java:56)- Running with Spring Boot v2.3.0.RELEASE, Spring v5.2.6.RELEASE
2020-06-11 17:08:42,667 INFO (SpringApplication.java:655)- The following profiles are active: pro
2020-06-11 17:08:46,286 INFO (StartupInfoLogger.java:61)- Started SpringdemoApplication in 4.355 seconds (JVM running for 5.302)
2020-06-11 17:09:00,366 DEBUG (HelloWorldContrller.java:20)- 我们是一个测试的
2020-06-11 17:09:00,366 INFO (HelloWorldContrller.java:21)- 测试测试9999999999999999999999
2020-06-11 17:10:51,726 DEBUG (SpringdemoApplication.java:13)- 我们
2020-06-11 17:10:51,732 INFO (SpringdemoApplication.java:14)- 测试测999999
2020-06-11 17:10:52,765 INFO (StartupInfoLogger.java:55)- Starting SpringdemoApplication on AGOE2345-030708 with PID 19224 (E:\workspace\java\springboot\springdemo\target\classes started by Administrator in E:\workspace\java\springboot\springdemo)
2020-06-11 17:10:52,766 DEBUG (StartupInfoLogger.java:56)- Running with Spring Boot v2.3.0.RELEASE, Spring v5.2.6.RELEASE
2020-06-11 17:10:52,766 INFO (SpringApplication.java:655)- The following profiles are active: pro
2020-06-11 17:10:56,246 INFO (StartupInfoLogger.java:61)- Started SpringdemoApplication in 4.228 seconds (JVM running for 5.205)
2020-06-11 17:16:08,002 DEBUG (HelloWorldContrller.java:20)- 我们是一个测试的
2020-06-11 17:16:08,003 INFO (HelloWorldContrller.java:21)- 测试测试9999999999999999999999
2020-06-11 17:19:39,344 INFO (SpringdemoApplication.java:14)- 测试测999999
2020-06-11 17:19:40,388 INFO (StartupInfoLogger.java:55)- Starting SpringdemoApplication on AGOE2345-030708 with PID 17524 (E:\workspace\java\springboot\springdemo\target\classes started by Administrator in E:\workspace\java\springboot\springdemo)
2020-06-11 17:19:40,389 INFO (SpringApplication.java:655)- The following profiles are active: pro
2020-06-11 17:19:42,897 INFO (TomcatWebServer.java:108)- Tomcat initialized with port(s): 8090 (http)
2020-06-11 17:19:42,925 INFO (DirectJDKLog.java:173)- Initializing ProtocolHandler ["http-nio-8090"]
2020-06-11 17:19:42,926 INFO (DirectJDKLog.java:173)- Starting service [Tomcat]
2020-06-11 17:19:42,927 INFO (DirectJDKLog.java:173)- Starting Servlet engine: [Apache Tomcat/9.0.35]
2020-06-11 17:19:43,140 INFO (DirectJDKLog.java:173)- Initializing Spring embedded WebApplicationContext
2020-06-11 17:19:43,140 INFO (ServletWebServerApplicationContext.java:284)- Root WebApplicationContext: initialization completed in 2635 ms
2020-06-11 17:19:43,480 INFO (ExecutorConfigurationSupport.java:181)- Initializing ExecutorService 'applicationTaskExecutor'
2020-06-11 17:19:43,746 INFO (DirectJDKLog.java:173)- Starting ProtocolHandler ["http-nio-8090"]
2020-06-11 17:19:43,790 INFO (TomcatWebServer.java:220)- Tomcat started on port(s): 8090 (http) with context path ''
2020-06-11 17:19:43,809 INFO (StartupInfoLogger.java:61)- Started SpringdemoApplication in 4.173 seconds (JVM running for 5.126)
2020-06-11 17:19:51,713 INFO (DirectJDKLog.java:173)- Initializing Spring DispatcherServlet 'dispatcherServlet'
2020-06-11 17:19:51,713 INFO (FrameworkServlet.java:525)- Initializing Servlet 'dispatcherServlet'
2020-06-11 17:19:51,726 INFO (FrameworkServlet.java:547)- Completed initialization in 12 ms
2020-06-11 17:19:51,767 INFO (HelloWorldContrller.java:21)- 测试测试9999999999999999999999
